#! /c/Source/iverilog-install/bin/vvp
:ivl_version "12.0 (devel)" "(s20150603-1110-g18392a46)";
:ivl_delay_selection "TYPICAL";
:vpi_time_precision + 0;
:vpi_module "C:\iverilog\lib\ivl\system.vpi";
:vpi_module "C:\iverilog\lib\ivl\vhdl_sys.vpi";
:vpi_module "C:\iverilog\lib\ivl\vhdl_textio.vpi";
:vpi_module "C:\iverilog\lib\ivl\v2005_math.vpi";
:vpi_module "C:\iverilog\lib\ivl\va_math.vpi";
S_00000222391e75e0 .scope module, "even_parity_gen_tb" "even_parity_gen_tb" 2 3;
 .timescale 0 0;
v00000222391fe610_0 .var "clk", 0 0;
v00000222391fe6b0_0 .var "i_x", 0 0;
v00000222391fe750_0 .net "o_parity", 0 0, v00000222391e73e0_0;  1 drivers
v00000222391fe7f0_0 .var "reset", 0 0;
S_00000222391e7770 .scope module, "dut" "even_parity_gen" 2 14, 3 76 0, S_00000222391e75e0;
 .timescale 0 0;
    .port_info 0 /INPUT 1 "clk";
    .port_info 1 /INPUT 1 "reset";
    .port_info 2 /INPUT 1 "i_x";
    .port_info 3 /OUTPUT 1 "o_parity";
P_00000222391fe3e0 .param/l "A" 0 3 84, C4<000>;
P_00000222391fe418 .param/l "B" 0 3 85, C4<001>;
P_00000222391fe450 .param/l "C" 0 3 86, C4<010>;
P_00000222391fe488 .param/l "D" 0 3 87, C4<011>;
P_00000222391fe4c0 .param/l "E" 0 3 88, C4<100>;
P_00000222391fe4f8 .param/l "F" 0 3 89, C4<101>;
P_00000222391fe530 .param/l "G" 0 3 90, C4<110>;
v00000222391c3610_0 .net "clk", 0 0, v00000222391fe610_0;  1 drivers
v00000222391c3130_0 .var "current_state", 2 0;
v00000222391abac0_0 .net "i_x", 0 0, v00000222391fe6b0_0;  1 drivers
v00000222391e7340_0 .var "next_state", 2 0;
v00000222391e73e0_0 .var "o_parity", 0 0;
v00000222391fe570_0 .net "reset", 0 0, v00000222391fe7f0_0;  1 drivers
E_00000222392015a0 .event anyedge, v00000222391c3130_0, v00000222391abac0_0;
E_0000022239201660 .event posedge, v00000222391fe570_0, v00000222391c3610_0;
    .scope S_00000222391e7770;
T_0 ;
    %wait E_0000022239201660;
    %load/vec4 v00000222391fe570_0;
    %flag_set/vec4 8;
    %jmp/0xz  T_0.0, 8;
    %pushi/vec4 0, 0, 3;
    %assign/vec4 v00000222391c3130_0, 0;
    %jmp T_0.1;
T_0.0 ;
    %load/vec4 v00000222391e7340_0;
    %assign/vec4 v00000222391c3130_0, 0;
T_0.1 ;
    %jmp T_0;
    .thread T_0;
    .scope S_00000222391e7770;
T_1 ;
    %wait E_00000222392015a0;
    %load/vec4 v00000222391c3130_0;
    %dup/vec4;
    %pushi/vec4 0, 0, 3;
    %cmp/u;
    %jmp/1 T_1.0, 6;
    %dup/vec4;
    %pushi/vec4 1, 0, 3;
    %cmp/u;
    %jmp/1 T_1.1, 6;
    %dup/vec4;
    %pushi/vec4 2, 0, 3;
    %cmp/u;
    %jmp/1 T_1.2, 6;
    %dup/vec4;
    %pushi/vec4 3, 0, 3;
    %cmp/u;
    %jmp/1 T_1.3, 6;
    %dup/vec4;
    %pushi/vec4 4, 0, 3;
    %cmp/u;
    %jmp/1 T_1.4, 6;
    %dup/vec4;
    %pushi/vec4 5, 0, 3;
    %cmp/u;
    %jmp/1 T_1.5, 6;
    %dup/vec4;
    %pushi/vec4 6, 0, 3;
    %cmp/u;
    %jmp/1 T_1.6, 6;
    %pushi/vec4 0, 0, 3;
    %store/vec4 v00000222391e7340_0, 0, 3;
    %pushi/vec4 1, 1, 1;
    %store/vec4 v00000222391e73e0_0, 0, 1;
    %jmp T_1.8;
T_1.0 ;
    %load/vec4 v00000222391abac0_0;
    %flag_set/vec4 8;
    %jmp/0xz  T_1.9, 8;
    %pushi/vec4 2, 0, 3;
    %store/vec4 v00000222391e7340_0, 0, 3;
    %pushi/vec4 1, 1, 1;
    %store/vec4 v00000222391e73e0_0, 0, 1;
    %jmp T_1.10;
T_1.9 ;
    %pushi/vec4 1, 0, 3;
    %store/vec4 v00000222391e7340_0, 0, 3;
    %pushi/vec4 1, 1, 1;
    %store/vec4 v00000222391e73e0_0, 0, 1;
T_1.10 ;
    %jmp T_1.8;
T_1.1 ;
    %load/vec4 v00000222391abac0_0;
    %flag_set/vec4 8;
    %jmp/0xz  T_1.11, 8;
    %pushi/vec4 4, 0, 3;
    %store/vec4 v00000222391e7340_0, 0, 3;
    %pushi/vec4 1, 1, 1;
    %store/vec4 v00000222391e73e0_0, 0, 1;
    %jmp T_1.12;
T_1.11 ;
    %pushi/vec4 3, 0, 3;
    %store/vec4 v00000222391e7340_0, 0, 3;
    %pushi/vec4 1, 1, 1;
    %store/vec4 v00000222391e73e0_0, 0, 1;
T_1.12 ;
    %jmp T_1.8;
T_1.2 ;
    %load/vec4 v00000222391abac0_0;
    %flag_set/vec4 8;
    %jmp/0xz  T_1.13, 8;
    %pushi/vec4 3, 0, 3;
    %store/vec4 v00000222391e7340_0, 0, 3;
    %pushi/vec4 1, 1, 1;
    %store/vec4 v00000222391e73e0_0, 0, 1;
    %jmp T_1.14;
T_1.13 ;
    %pushi/vec4 4, 0, 3;
    %store/vec4 v00000222391e7340_0, 0, 3;
    %pushi/vec4 1, 1, 1;
    %store/vec4 v00000222391e73e0_0, 0, 1;
T_1.14 ;
    %jmp T_1.8;
T_1.3 ;
    %load/vec4 v00000222391abac0_0;
    %flag_set/vec4 8;
    %jmp/0xz  T_1.15, 8;
    %pushi/vec4 6, 0, 3;
    %store/vec4 v00000222391e7340_0, 0, 3;
    %pushi/vec4 1, 1, 1;
    %store/vec4 v00000222391e73e0_0, 0, 1;
    %jmp T_1.16;
T_1.15 ;
    %pushi/vec4 5, 0, 3;
    %store/vec4 v00000222391e7340_0, 0, 3;
    %pushi/vec4 1, 1, 1;
    %store/vec4 v00000222391e73e0_0, 0, 1;
T_1.16 ;
    %jmp T_1.8;
T_1.4 ;
    %load/vec4 v00000222391abac0_0;
    %flag_set/vec4 8;
    %jmp/0xz  T_1.17, 8;
    %pushi/vec4 5, 0, 3;
    %store/vec4 v00000222391e7340_0, 0, 3;
    %pushi/vec4 1, 1, 1;
    %store/vec4 v00000222391e73e0_0, 0, 1;
    %jmp T_1.18;
T_1.17 ;
    %pushi/vec4 6, 0, 3;
    %store/vec4 v00000222391e7340_0, 0, 3;
    %pushi/vec4 1, 1, 1;
    %store/vec4 v00000222391e73e0_0, 0, 1;
T_1.18 ;
    %jmp T_1.8;
T_1.5 ;
    %pushi/vec4 0, 0, 3;
    %store/vec4 v00000222391e7340_0, 0, 3;
    %pushi/vec4 0, 0, 1;
    %store/vec4 v00000222391e73e0_0, 0, 1;
    %jmp T_1.8;
T_1.6 ;
    %pushi/vec4 0, 0, 3;
    %store/vec4 v00000222391e7340_0, 0, 3;
    %pushi/vec4 1, 0, 1;
    %store/vec4 v00000222391e73e0_0, 0, 1;
    %jmp T_1.8;
T_1.8 ;
    %pop/vec4 1;
    %jmp T_1;
    .thread T_1, $push;
    .scope S_00000222391e75e0;
T_2 ;
    %pushi/vec4 1, 0, 1;
    %store/vec4 v00000222391fe610_0, 0, 1;
    %end;
    .thread T_2;
    .scope S_00000222391e75e0;
T_3 ;
    %delay 5, 0;
    %load/vec4 v00000222391fe610_0;
    %inv;
    %store/vec4 v00000222391fe610_0, 0, 1;
    %jmp T_3;
    .thread T_3;
    .scope S_00000222391e75e0;
T_4 ;
    %pushi/vec4 1, 0, 1;
    %store/vec4 v00000222391fe7f0_0, 0, 1;
    %delay 10, 0;
    %pushi/vec4 0, 0, 1;
    %store/vec4 v00000222391fe7f0_0, 0, 1;
    %pushi/vec4 0, 0, 1;
    %store/vec4 v00000222391fe6b0_0, 0, 1;
    %delay 10, 0;
    %pushi/vec4 0, 0, 1;
    %store/vec4 v00000222391fe6b0_0, 0, 1;
    %delay 10, 0;
    %pushi/vec4 1, 0, 1;
    %store/vec4 v00000222391fe6b0_0, 0, 1;
    %delay 10, 0;
    %vpi_call 2 40 "$finish" {0 0 0};
    %end;
    .thread T_4;
    .scope S_00000222391e75e0;
T_5 ;
    %vpi_call 2 46 "$monitor", "Time: %0t | reset = %b | i_x = %b | o_parity = %b", $time, v00000222391fe7f0_0, v00000222391fe6b0_0, v00000222391fe750_0 {0 0 0};
    %end;
    .thread T_5;
    .scope S_00000222391e75e0;
T_6 ;
    %vpi_call 2 52 "$dumpfile", "output.vcd" {0 0 0};
    %vpi_call 2 53 "$dumpvars", 32'sb00000000000000000000000000000001 {0 0 0};
    %end;
    .thread T_6;
# The file index is used to find the file name in the following table.
:file_names 4;
    "N/A";
    "<interactive>";
    "even_parity_gen_tb.v";
    "./even_parity_gen.v";
