#! /c/Source/iverilog-install/bin/vvp
:ivl_version "12.0 (devel)" "(s20150603-1110-g18392a46)";
:ivl_delay_selection "TYPICAL";
:vpi_time_precision + 0;
:vpi_module "C:\iverilog\lib\ivl\system.vpi";
:vpi_module "C:\iverilog\lib\ivl\vhdl_sys.vpi";
:vpi_module "C:\iverilog\lib\ivl\vhdl_textio.vpi";
:vpi_module "C:\iverilog\lib\ivl\v2005_math.vpi";
:vpi_module "C:\iverilog\lib\ivl\va_math.vpi";
S_0000017056aeb820 .scope module, "even_parity_gen" "even_parity_gen" 2 76;
 .timescale 0 0;
    .port_info 0 /INPUT 1 "clk";
    .port_info 1 /INPUT 1 "reset";
    .port_info 2 /INPUT 1 "i_x";
    .port_info 3 /OUTPUT 1 "o_parity";
P_0000017056aeb9b0 .param/l "A" 0 2 84, C4<000>;
P_0000017056aeb9e8 .param/l "B" 0 2 85, C4<001>;
P_0000017056aeba20 .param/l "C" 0 2 86, C4<010>;
P_0000017056aeba58 .param/l "D" 0 2 87, C4<011>;
P_0000017056aeba90 .param/l "E" 0 2 88, C4<100>;
P_0000017056aebac8 .param/l "F" 0 2 89, C4<101>;
P_0000017056aebb00 .param/l "G" 0 2 90, C4<110>;
o0000017056b3efd8 .functor BUFZ 1, C4<z>; HiZ drive
v0000017056b035d0_0 .net "clk", 0 0, o0000017056b3efd8;  0 drivers
v0000017056aebb40_0 .var "current_state", 2 0;
o0000017056b3f038 .functor BUFZ 1, C4<z>; HiZ drive
v0000017056b030e0_0 .net "i_x", 0 0, o0000017056b3f038;  0 drivers
v0000017056b342d0_0 .var "next_state", 2 0;
v0000017056b34370_0 .var "o_parity", 0 0;
o0000017056b3f0c8 .functor BUFZ 1, C4<z>; HiZ drive
v0000017056b34410_0 .net "reset", 0 0, o0000017056b3f0c8;  0 drivers
E_0000017056b3b6c0 .event anyedge, v0000017056aebb40_0, v0000017056b030e0_0;
E_0000017056b3af80 .event posedge, v0000017056b34410_0, v0000017056b035d0_0;
    .scope S_0000017056aeb820;
T_0 ;
    %wait E_0000017056b3af80;
    %load/vec4 v0000017056b34410_0;
    %flag_set/vec4 8;
    %jmp/0xz  T_0.0, 8;
    %pushi/vec4 0, 0, 3;
    %assign/vec4 v0000017056aebb40_0, 0;
    %jmp T_0.1;
T_0.0 ;
    %load/vec4 v0000017056b342d0_0;
    %assign/vec4 v0000017056aebb40_0, 0;
T_0.1 ;
    %jmp T_0;
    .thread T_0;
    .scope S_0000017056aeb820;
T_1 ;
    %wait E_0000017056b3b6c0;
    %load/vec4 v0000017056aebb40_0;
    %dup/vec4;
    %pushi/vec4 0, 0, 3;
    %cmp/u;
    %jmp/1 T_1.0, 6;
    %dup/vec4;
    %pushi/vec4 1, 0, 3;
    %cmp/u;
    %jmp/1 T_1.1, 6;
    %dup/vec4;
    %pushi/vec4 2, 0, 3;
    %cmp/u;
    %jmp/1 T_1.2, 6;
    %dup/vec4;
    %pushi/vec4 3, 0, 3;
    %cmp/u;
    %jmp/1 T_1.3, 6;
    %dup/vec4;
    %pushi/vec4 4, 0, 3;
    %cmp/u;
    %jmp/1 T_1.4, 6;
    %dup/vec4;
    %pushi/vec4 5, 0, 3;
    %cmp/u;
    %jmp/1 T_1.5, 6;
    %dup/vec4;
    %pushi/vec4 6, 0, 3;
    %cmp/u;
    %jmp/1 T_1.6, 6;
    %pushi/vec4 0, 0, 3;
    %store/vec4 v0000017056b342d0_0, 0, 3;
    %pushi/vec4 1, 1, 1;
    %store/vec4 v0000017056b34370_0, 0, 1;
    %jmp T_1.8;
T_1.0 ;
    %load/vec4 v0000017056b030e0_0;
    %flag_set/vec4 8;
    %jmp/0xz  T_1.9, 8;
    %pushi/vec4 2, 0, 3;
    %store/vec4 v0000017056b342d0_0, 0, 3;
    %pushi/vec4 1, 1, 1;
    %store/vec4 v0000017056b34370_0, 0, 1;
    %jmp T_1.10;
T_1.9 ;
    %pushi/vec4 1, 0, 3;
    %store/vec4 v0000017056b342d0_0, 0, 3;
    %pushi/vec4 1, 1, 1;
    %store/vec4 v0000017056b34370_0, 0, 1;
T_1.10 ;
    %jmp T_1.8;
T_1.1 ;
    %load/vec4 v0000017056b030e0_0;
    %flag_set/vec4 8;
    %jmp/0xz  T_1.11, 8;
    %pushi/vec4 4, 0, 3;
    %store/vec4 v0000017056b342d0_0, 0, 3;
    %pushi/vec4 1, 1, 1;
    %store/vec4 v0000017056b34370_0, 0, 1;
    %jmp T_1.12;
T_1.11 ;
    %pushi/vec4 3, 0, 3;
    %store/vec4 v0000017056b342d0_0, 0, 3;
    %pushi/vec4 1, 1, 1;
    %store/vec4 v0000017056b34370_0, 0, 1;
T_1.12 ;
    %jmp T_1.8;
T_1.2 ;
    %load/vec4 v0000017056b030e0_0;
    %flag_set/vec4 8;
    %jmp/0xz  T_1.13, 8;
    %pushi/vec4 3, 0, 3;
    %store/vec4 v0000017056b342d0_0, 0, 3;
    %pushi/vec4 1, 1, 1;
    %store/vec4 v0000017056b34370_0, 0, 1;
    %jmp T_1.14;
T_1.13 ;
    %pushi/vec4 4, 0, 3;
    %store/vec4 v0000017056b342d0_0, 0, 3;
    %pushi/vec4 1, 1, 1;
    %store/vec4 v0000017056b34370_0, 0, 1;
T_1.14 ;
    %jmp T_1.8;
T_1.3 ;
    %load/vec4 v0000017056b030e0_0;
    %flag_set/vec4 8;
    %jmp/0xz  T_1.15, 8;
    %pushi/vec4 6, 0, 3;
    %store/vec4 v0000017056b342d0_0, 0, 3;
    %pushi/vec4 1, 1, 1;
    %store/vec4 v0000017056b34370_0, 0, 1;
    %jmp T_1.16;
T_1.15 ;
    %pushi/vec4 5, 0, 3;
    %store/vec4 v0000017056b342d0_0, 0, 3;
    %pushi/vec4 1, 1, 1;
    %store/vec4 v0000017056b34370_0, 0, 1;
T_1.16 ;
    %jmp T_1.8;
T_1.4 ;
    %load/vec4 v0000017056b030e0_0;
    %flag_set/vec4 8;
    %jmp/0xz  T_1.17, 8;
    %pushi/vec4 5, 0, 3;
    %store/vec4 v0000017056b342d0_0, 0, 3;
    %pushi/vec4 1, 1, 1;
    %store/vec4 v0000017056b34370_0, 0, 1;
    %jmp T_1.18;
T_1.17 ;
    %pushi/vec4 6, 0, 3;
    %store/vec4 v0000017056b342d0_0, 0, 3;
    %pushi/vec4 1, 1, 1;
    %store/vec4 v0000017056b34370_0, 0, 1;
T_1.18 ;
    %jmp T_1.8;
T_1.5 ;
    %pushi/vec4 0, 0, 3;
    %store/vec4 v0000017056b342d0_0, 0, 3;
    %pushi/vec4 0, 0, 1;
    %store/vec4 v0000017056b34370_0, 0, 1;
    %jmp T_1.8;
T_1.6 ;
    %pushi/vec4 0, 0, 3;
    %store/vec4 v0000017056b342d0_0, 0, 3;
    %pushi/vec4 1, 0, 1;
    %store/vec4 v0000017056b34370_0, 0, 1;
    %jmp T_1.8;
T_1.8 ;
    %pop/vec4 1;
    %jmp T_1;
    .thread T_1, $push;
# The file index is used to find the file name in the following table.
:file_names 3;
    "N/A";
    "<interactive>";
    "even_parity_gen.v";
